# JRE version: OpenJDK Runtime Environment (11.0.10) (build 11.0.10+0-b96-7249189)
# Java VM: OpenJDK 64-Bit Server VM (11.0.10+0-b96-7249189, mixed mode, tiered, compressed oops, g1 gc, windows-amd64)
Heap:
 garbage-first heap   total 315392K, used 161197K [0x0000000080000000, 0x0000000100000000)
  region size 1024K, 8 young (8192K), 3 survivors (3072K)
 Metaspace       used 137108K, capacity 140261K, committed 140544K, reserved 1171456K
  class space    used 16832K, capacity 18012K, committed 18176K, reserved 1048576K
GC Heap History (20 events):
Event: 6143.432 GC heap before
{Heap before GC invocations=132 (full 0):
 garbage-first heap   total 210944K, used 170363K [0x0000000080000000, 0x0000000100000000)
  region size 1024K, 49 young (50176K), 8 survivors (8192K)
 Metaspace       used 131610K, capacity 134658K, committed 134912K, reserved 1167360K
  class space    used 16006K, capacity 17121K, committed 17152K, reserved 1048576K
}
Event: 6143.463 GC heap after
{Heap after GC invocations=133 (full 0):
 garbage-first heap   total 210944K, used 134823K [0x0000000080000000, 0x0000000100000000)
  region size 1024K, 7 young (7168K), 7 survivors (7168K)
 Metaspace       used 131610K, capacity 134658K, committed 134912K, reserved 1167360K
  class space    used 16006K, capacity 17121K, committed 17152K, reserved 1048576K
}
Event: 6143.635 GC heap before
{Heap before GC invocations=133 (full 0):
 garbage-first heap   total 210944K, used 170663K [0x0000000080000000, 0x0000000100000000)
  region size 1024K, 43 young (44032K), 7 survivors (7168K)
 Metaspace       used 132439K, capacity 135450K, committed 135552K, reserved 1167360K
  class space    used 16114K, capacity 17237K, committed 17280K, reserved 1048576K
}
Event: 6143.660 GC heap after
{Heap after GC invocations=134 (full 0):
 garbage-first heap   total 210944K, used 142129K [0x0000000080000000, 0x0000000100000000)
  region size 1024K, 6 young (6144K), 6 survivors (6144K)
 Metaspace       used 132439K, capacity 135450K, committed 135552K, reserved 1167360K
  class space    used 16114K, capacity 17237K, committed 17280K, reserved 1048576K
}
Event: 6144.168 GC heap before
{Heap before GC invocations=134 (full 0):
 garbage-first heap   total 210944K, used 173873K [0x0000000080000000, 0x0000000100000000)
  region size 1024K, 37 young (37888K), 6 survivors (6144K)
 Metaspace       used 133107K, capacity 136194K, committed 136448K, reserved 1169408K
  class space    used 16228K, capacity 17379K, committed 17408K, reserved 1048576K
}
Event: 6144.238 GC heap after
{Heap after GC invocations=135 (full 0):
 garbage-first heap   total 210944K, used 149504K [0x0000000080000000, 0x0000000100000000)
  region size 1024K, 5 young (5120K), 5 survivors (5120K)
 Metaspace       used 133107K, capacity 136194K, committed 136448K, reserved 1169408K
  class space    used 16228K, capacity 17379K, committed 17408K, reserved 1048576K
}
Event: 6144.392 GC heap before
{Heap before GC invocations=136 (full 0):
 garbage-first heap   total 210944K, used 176128K [0x0000000080000000, 0x0000000100000000)
  region size 1024K, 31 young (31744K), 5 survivors (5120K)
 Metaspace       used 133972K, capacity 137120K, committed 137216K, reserved 1169408K
  class space    used 16423K, capacity 17615K, committed 17664K, reserved 1048576K
}
Event: 6144.417 GC heap after
{Heap after GC invocations=137 (full 0):
 garbage-first heap   total 210944K, used 154624K [0x0000000080000000, 0x0000000100000000)
  region size 1024K, 4 young (4096K), 4 survivors (4096K)
 Metaspace       used 133972K, capacity 137120K, committed 137216K, reserved 1169408K
  class space    used 16423K, capacity 17615K, committed 17664K, reserved 1048576K
}
Event: 6144.669 GC heap before
{Heap before GC invocations=137 (full 0):
 garbage-first heap   total 210944K, used 178176K [0x0000000080000000, 0x0000000100000000)
  region size 1024K, 27 young (27648K), 4 survivors (4096K)
 Metaspace       used 134828K, capacity 138000K, committed 138112K, reserved 1169408K
  class space    used 16549K, capacity 17761K, committed 17792K, reserved 1048576K
}
Event: 6144.690 GC heap after
{Heap after GC invocations=138 (full 0):
 garbage-first heap   total 210944K, used 158574K [0x0000000080000000, 0x0000000100000000)
  region size 1024K, 4 young (4096K), 4 survivors (4096K)
 Metaspace       used 134828K, capacity 138000K, committed 138112K, reserved 1169408K
  class space    used 16549K, capacity 17761K, committed 17792K, reserved 1048576K
}
Event: 6145.978 GC heap before
{Heap before GC invocations=139 (full 0):
 garbage-first heap   total 210944K, used 179054K [0x0000000080000000, 0x0000000100000000)
  region size 1024K, 24 young (24576K), 4 survivors (4096K)
 Metaspace       used 135744K, capacity 138962K, committed 139392K, reserved 1171456K
  class space    used 16732K, capacity 17924K, committed 18048K, reserved 1048576K
}
Event: 6145.988 GC heap after
{Heap after GC invocations=140 (full 0):
 garbage-first heap   total 210944K, used 159855K [0x0000000080000000, 0x0000000100000000)
  region size 1024K, 2 young (2048K), 2 survivors (2048K)
 Metaspace       used 135744K, capacity 138962K, committed 139392K, reserved 1171456K
  class space    used 16732K, capacity 17924K, committed 18048K, reserved 1048576K
}
Event: 6146.209 GC heap before
{Heap before GC invocations=140 (full 0):
 garbage-first heap   total 210944K, used 168047K [0x0000000080000000, 0x0000000100000000)
  region size 1024K, 10 young (10240K), 2 survivors (2048K)
 Metaspace       used 135875K, capacity 139158K, committed 139392K, reserved 1171456K
  class space    used 16749K, capacity 17967K, committed 18048K, reserved 1048576K
}
Event: 6146.244 GC heap after
{Heap after GC invocations=141 (full 0):
 garbage-first heap   total 210944K, used 156537K [0x0000000080000000, 0x0000000100000000)
  region size 1024K, 2 young (2048K), 2 survivors (2048K)
 Metaspace       used 135875K, capacity 139158K, committed 139392K, reserved 1171456K
  class space    used 16749K, capacity 17967K, committed 18048K, reserved 1048576K
}
Event: 6146.598 GC heap before
{Heap before GC invocations=141 (full 0):
 garbage-first heap   total 210944K, used 179065K [0x0000000080000000, 0x0000000100000000)
  region size 1024K, 24 young (24576K), 2 survivors (2048K)
 Metaspace       used 136216K, capacity 139460K, committed 139648K, reserved 1171456K
  class space    used 16790K, capacity 18000K, committed 18048K, reserved 1048576K
}
Event: 6146.604 GC heap after
{Heap after GC invocations=142 (full 0):
 garbage-first heap   total 210944K, used 156384K [0x0000000080000000, 0x0000000100000000)
  region size 1024K, 1 young (1024K), 1 survivors (1024K)
 Metaspace       used 136216K, capacity 139460K, committed 139648K, reserved 1171456K
  class space    used 16790K, capacity 18000K, committed 18048K, reserved 1048576K
}
Event: 6146.835 GC heap before
{Heap before GC invocations=142 (full 0):
 garbage-first heap   total 210944K, used 179936K [0x0000000080000000, 0x0000000100000000)
  region size 1024K, 24 young (24576K), 1 survivors (1024K)
 Metaspace       used 136505K, capacity 139734K, committed 139904K, reserved 1171456K
  class space    used 16812K, capacity 18002K, committed 18048K, reserved 1048576K
}
Event: 6146.840 GC heap after
{Heap after GC invocations=143 (full 0):
 garbage-first heap   total 210944K, used 156815K [0x0000000080000000, 0x0000000100000000)
  region size 1024K, 2 young (2048K), 2 survivors (2048K)
 Metaspace       used 136505K, capacity 139734K, committed 139904K, reserved 1171456K
  class space    used 16812K, capacity 18002K, committed 18048K, reserved 1048576K
}
Event: 6147.139 GC heap before
{Heap before GC invocations=144 (full 0):
 garbage-first heap   total 210944K, used 180367K [0x0000000080000000, 0x0000000100000000)
  region size 1024K, 25 young (25600K), 2 survivors (2048K)
 Metaspace       used 136865K, capacity 140051K, committed 140544K, reserved 1171456K
  class space    used 16816K, capacity 18006K, committed 18176K, reserved 1048576K
}
Event: 6147.151 GC heap after
{Heap after GC invocations=145 (full 0):
 garbage-first heap   total 315392K, used 157079K [0x0000000080000000, 0x0000000100000000)
  region size 1024K, 2 young (2048K), 2 survivors (2048K)
 Metaspace       used 136865K, capacity 140051K, committed 140544K, reserved 1171456K
  class space    used 16816K, capacity 18006K, committed 18176K, reserved 1048576K
}

